<?xml version="1.0" encoding="UTF-8"?>
<!-- Generated by org.testng.reporters.JUnitReportReporter -->
<testsuite hostname="DESKTOP-GQJK560" failures="0" tests="1" name="loanapplications.CarLoanApplicationTests" time="0.002" errors="0" timestamp="2022-09-27T12:19:38 IST" skipped="0">
  <testcase classname="loanapplications.CarLoanApplicationTests" name="CarLoanLoginAPI" time="0.002"/>
  <system-out/>
</testsuite> <!-- loanapplications.CarLoanApplicationTests -->
