<?xml version="1.0" encoding="UTF-8"?>
<!-- Generated by org.testng.reporters.JUnitReportReporter -->
<testsuite hostname="DESKTOP-GQJK560" failures="0" tests="2" name="loanapplications.HomeLoanApplicationTests" time="0.014" errors="0" timestamp="2022-09-27T12:19:38 IST" skipped="0">
  <testcase classname="loanapplications.HomeLoanApplicationTests" name="APIHomeLoan" time="0.011"/>
  <system-out/>
  <testcase classname="loanapplications.HomeLoanApplicationTests" name="MobileHomeLoan" time="0.003"/>
  <system-out/>
</testsuite> <!-- loanapplications.HomeLoanApplicationTests -->
