<?xml version="1.0" encoding="UTF-8"?>
<!-- Generated by org.testng.reporters.JUnitReportReporter -->
<testsuite hostname="DESKTOP-GQJK560" failures="0" tests="7" name="com.demo.FlipkartTestChrome" time="36.261" errors="0" timestamp="2022-10-11T20:47:34 IST" skipped="0">
  <testcase classname="com.demo.FlipkartTestChrome" name="closeLogin" time="2.069"/>
  <system-out/>
  <testcase classname="com.demo.FlipkartTestChrome" name="scroll" time="6.470"/>
  <system-out/>
  <testcase classname="com.demo.FlipkartTestChrome" name="searchProduct" time="5.701"/>
  <system-out/>
  <testcase classname="com.demo.FlipkartTestChrome" name="loadImage" time="11.438"/>
  <system-out/>
  <testcase classname="com.demo.FlipkartTestChrome" name="scrollFrequency" time="2.546"/>
  <system-out/>
  <testcase classname="com.demo.FlipkartTestChrome" name="downloadImages" time="0.221"/>
  <system-out/>
  <testcase classname="com.demo.FlipkartTestChrome" name="screenResolution" time="7.816"/>
  <system-out/>
</testsuite> <!-- com.demo.FlipkartTestChrome -->
