<?xml version="1.0" encoding="UTF-8"?>
<!-- Generated by org.testng.reporters.JUnitReportReporter -->
<testsuite hostname="DESKTOP-GQJK560" failures="0" tests="7" name="com.demo.FlipkartTestEdge" time="55.815" errors="0" timestamp="2022-10-11T20:33:19 IST" skipped="0">
  <testcase classname="com.demo.FlipkartTestEdge" name="closeLogin" time="1.784"/>
  <system-out/>
  <testcase classname="com.demo.FlipkartTestEdge" name="scroll" time="6.531"/>
  <system-out/>
  <testcase classname="com.demo.FlipkartTestEdge" name="searchProduct" time="5.813"/>
  <system-out/>
  <testcase classname="com.demo.FlipkartTestEdge" name="loadImage" time="31.275"/>
  <system-out/>
  <testcase classname="com.demo.FlipkartTestEdge" name="scrollFrequency" time="2.398"/>
  <system-out/>
  <testcase classname="com.demo.FlipkartTestEdge" name="downloadImages" time="0.208"/>
  <system-out/>
  <testcase classname="com.demo.FlipkartTestEdge" name="screenResolution" time="7.806"/>
  <system-out/>
</testsuite> <!-- com.demo.FlipkartTestEdge -->
