<?xml version="1.0" encoding="UTF-8"?>
<!-- Generated by org.testng.reporters.JUnitReportReporter -->
<testsuite hostname="DESKTOP-GQJK560" failures="0" tests="3" name="com.ecom.webapp.Testing" time="136.156" errors="0" timestamp="2022-10-02T21:05:27 IST" skipped="0">
  <testcase classname="com.ecom.webapp.Testing" name="register" time="49.739"/>
  <system-out/>
  <testcase classname="com.ecom.webapp.Testing" name="login" time="35.947"/>
  <system-out/>
  <testcase classname="com.ecom.webapp.Testing" name="addToCart" time="50.470"/>
  <system-out/>
</testsuite> <!-- com.ecom.webapp.Testing -->
